nohup: ignoring input
[matrix] GPUs: 0 1 2 3 | queued: 12 | poll 30s | dispatch: logs/matrix_20260704_230126/dispatch.log
[launch] gpu0 <- lora_allsynth_gist  (23:01:26)
[launch] gpu1 <- lora_allsynth_msmarco_gist  (23:01:26)
[launch] gpu2 <- lora_allsynth_nolegal_msmarco_gist  (23:01:26)
[launch] gpu3 <- lora_staged_safe2hard_mnrl  (23:01:26)
[done] gpu3  lora_staged_safe2hard_mnrl  (OK, nan=0
0, NO-FINAL)  02:11:27
[launch] gpu3 <- fullft_allsynth_mnrl  (02:11:27)
[done] gpu3  fullft_allsynth_mnrl  (OK, nan=0
0, final-ok)  04:27:58
[launch] gpu3 <- fullft_realonly_mnrl  (04:27:58)
[done] gpu3  fullft_realonly_mnrl  (OK, nan=0
0, final-ok)  05:15:29
[launch] gpu3 <- fullft_singlemodel_mnrl  (05:15:29)
[done] gpu2  lora_allsynth_nolegal_msmarco_gist  (OK, nan=0
0, final-ok)  06:47:00
[launch] gpu2 <- fullft_multimodel_sizematch_mnrl  (06:47:00)
[done] gpu0  lora_allsynth_gist  (OK, nan=0
0, final-ok)  06:50:30
[launch] gpu0 <- fullft_nolegal_mnrl  (06:50:31)
[done] gpu3  fullft_singlemodel_mnrl  (OK, nan=0
0, final-ok)  07:04:01
[launch] gpu3 <- lora_allsynth_mnrl  (07:04:01)
[done] gpu1  lora_allsynth_msmarco_gist  (OK, nan=0
0, final-ok)  08:28:31
[launch] gpu1 <- lora_allsynth_safe_mnrl  (08:28:31)
[done] gpu2  fullft_multimodel_sizematch_mnrl  (OK, nan=0
0, final-ok)  08:33:31
[launch] gpu2 <- lora_allsynth_hard_mnrl  (08:33:31)
[done] gpu0  fullft_nolegal_mnrl  (OK, nan=0
0, final-ok)  08:48:32
[done] gpu3  lora_allsynth_mnrl  (OK, nan=0
0, final-ok)  10:37:02
[done] gpu2  lora_allsynth_hard_mnrl  (OK, nan=0
0, final-ok)  11:30:03
[done] gpu1  lora_allsynth_safe_mnrl  (OK, nan=0
0, final-ok)  11:34:03
[matrix] ALL DONE. dispatch log: logs/matrix_20260704_230126/dispatch.log
[matrix] results: bash results_table.sh
